<?xml version="1.0" encoding="UTF-8"?>
<!-- Generated by org.testng.reporters.JUnitXMLReporter -->
<testsuite hostname="DESKTOP-USQSCRA" failures="1" tests="1" name="Default test" time="1.127" errors="0" timestamp="9 Jun 2022 21:13:18 GMT">
  <testcase classname="com.ramusoft.automation.appin.businesses.OpencartTest" name="verifylaptopsandNotebooks" time="0.412">
    <failure type="java.lang.NoSuchMethodError" message="&amp;apos;byte[] org.apache.commons.io.IOUtils.byteArray(int)&amp;apos;">
      <![CDATA[java.lang.NoSuchMethodError: 'byte[] org.apache.commons.io.IOUtils.byteArray(int)'
	at org.apache.commons.io.output.AbstractByteArrayOutputStream.needNewBuffer(AbstractByteArrayOutputStream.java:104)
	at org.apache.commons.io.output.UnsynchronizedByteArrayOutputStream.<init>(UnsynchronizedByteArrayOutputStream.java:51)
	at org.apache.poi.util.IOUtils.peekFirstNBytes(IOUtils.java:139)
	at org.apache.poi.poifs.filesystem.FileMagic.valueOf(FileMagic.java:209)
	at org.apache.poi.ss.usermodel.WorkbookFactory.create(WorkbookFactory.java:222)
	at org.apache.poi.ss.usermodel.WorkbookFactory.create(WorkbookFactory.java:185)
	at com.ramusoft.automation.supports.ExcelReader.<init>(ExcelReader.java:34)
	at com.ramusoft.automatio.utilitis.PojoUtility.getsheetobj(PojoUtility.java:26)
	at com.ramusoft.automation.appin.businesses.OpencartTest.verifylaptopsandNotebooks(OpencartTest.java:19)
	at java.base/jdk.internal.reflect.NativeMethodAccessorImpl.invoke0(Native Method)
	at java.base/jdk.internal.reflect.NativeMethodAccessorImpl.invoke(NativeMethodAccessorImpl.java:78)
	at java.base/jdk.internal.reflect.DelegatingMethodAccessorImpl.invoke(DelegatingMethodAccessorImpl.java:43)
	at java.base/java.lang.reflect.Method.invoke(Method.java:567)
	at org.testng.internal.MethodInvocationHelper.invokeMethod(MethodInvocationHelper.java:85)
	at org.testng.internal.Invoker.invokeMethod(Invoker.java:639)
	at org.testng.internal.Invoker.invokeTestMethod(Invoker.java:816)
	at org.testng.internal.Invoker.invokeTestMethods(Invoker.java:1124)
	at org.testng.internal.TestMethodWorker.invokeTestMethods(TestMethodWorker.java:125)
	at org.testng.internal.TestMethodWorker.run(TestMethodWorker.java:108)
	at org.testng.TestRunner.privateRun(TestRunner.java:774)
	at org.testng.TestRunner.run(TestRunner.java:624)
	at org.testng.SuiteRunner.runTest(SuiteRunner.java:359)
	at org.testng.SuiteRunner.runSequentially(SuiteRunner.java:354)
	at org.testng.SuiteRunner.privateRun(SuiteRunner.java:312)
	at org.testng.SuiteRunner.run(SuiteRunner.java:261)
	at org.testng.SuiteRunnerWorker.runSuite(SuiteRunnerWorker.java:52)
	at org.testng.SuiteRunnerWorker.run(SuiteRunnerWorker.java:86)
	at org.testng.TestNG.runSuitesSequentially(TestNG.java:1215)
	at org.testng.TestNG.runSuitesLocally(TestNG.java:1140)
	at org.testng.TestNG.run(TestNG.java:1048)
	at org.testng.remote.AbstractRemoteTestNG.run(AbstractRemoteTestNG.java:115)
	at org.testng.remote.RemoteTestNG.initAndRun(RemoteTestNG.java:251)
	at org.testng.remote.RemoteTestNG.main(RemoteTestNG.java:77)
]]>
    </failure>
  </testcase> <!-- verifylaptopsandNotebooks -->
</testsuite> <!-- Default test -->
