<?xml version="1.0" encoding="UTF-8"?>
<testng-results total="1" passed="0" failed="1" skipped="0">
  <reporter-output>
  </reporter-output>
  <suite started-at="2022-06-09T21:13:17Z" name="Default suite" finished-at="2022-06-09T21:13:18Z" duration-ms="1127">
    <groups>
    </groups>
    <test started-at="2022-06-09T21:13:17Z" name="Default test" finished-at="2022-06-09T21:13:18Z" duration-ms="1127">
      <class name="com.ramusoft.automation.appin.businesses.OpencartTest">
        <test-method is-config="true" signature="openBrowser(java.lang.String)[pri:0, instance:com.ramusoft.automation.appin.businesses.OpencartTest@59b38691]" started-at="2022-06-10T02:43:15Z" name="openBrowser" finished-at="2022-06-10T02:43:17Z" duration-ms="2079" status="PASS">
          <params>
            <param index="0">
              <value>
                <![CDATA[chrome]]>
              </value>
            </param>
          </params>
          <reporter-output>
          </reporter-output>
        </test-method> <!-- openBrowser -->
        <test-method is-config="true" signature="initextentreports()[pri:0, instance:com.ramusoft.automation.appin.businesses.OpencartTest@59b38691]" started-at="2022-06-10T02:43:17Z" name="initextentreports" finished-at="2022-06-10T02:43:17Z" duration-ms="227" status="PASS">
          <reporter-output>
          </reporter-output>
        </test-method> <!-- initextentreports -->
        <test-method is-config="true" signature="BeforeTestcaseexcution(java.lang.reflect.Method)[pri:0, instance:com.ramusoft.automation.appin.businesses.OpencartTest@59b38691]" started-at="2022-06-10T02:43:17Z" name="BeforeTestcaseexcution" finished-at="2022-06-10T02:43:17Z" duration-ms="8" status="PASS">
          <params>
            <param index="0">
              <value>
                <![CDATA[public void com.ramusoft.automation.appin.businesses.OpencartTest.verifylaptopsandNotebooks() throws org.apache.poi.EncryptedDocumentException,java.io.IOException]]>
              </value>
            </param>
          </params>
          <reporter-output>
          </reporter-output>
        </test-method> <!-- BeforeTestcaseexcution -->
        <test-method signature="verifylaptopsandNotebooks()[pri:0, instance:com.ramusoft.automation.appin.businesses.OpencartTest@59b38691]" started-at="2022-06-10T02:43:17Z" name="verifylaptopsandNotebooks" finished-at="2022-06-10T02:43:17Z" duration-ms="412" status="FAIL">
          <exception class="java.lang.NoSuchMethodError">
            <message>
              <![CDATA['byte[] org.apache.commons.io.IOUtils.byteArray(int)']]>
            </message>
            <full-stacktrace>
              <![CDATA[java.lang.NoSuchMethodError: 'byte[] org.apache.commons.io.IOUtils.byteArray(int)'
	at org.apache.commons.io.output.AbstractByteArrayOutputStream.needNewBuffer(AbstractByteArrayOutputStream.java:104)
	at org.apache.commons.io.output.UnsynchronizedByteArrayOutputStream.<init>(UnsynchronizedByteArrayOutputStream.java:51)
	at org.apache.poi.util.IOUtils.peekFirstNBytes(IOUtils.java:139)
	at org.apache.poi.poifs.filesystem.FileMagic.valueOf(FileMagic.java:209)
	at org.apache.poi.ss.usermodel.WorkbookFactory.create(WorkbookFactory.java:222)
	at org.apache.poi.ss.usermodel.WorkbookFactory.create(WorkbookFactory.java:185)
	at com.ramusoft.automation.supports.ExcelReader.<init>(ExcelReader.java:34)
	at com.ramusoft.automatio.utilitis.PojoUtility.getsheetobj(PojoUtility.java:26)
	at com.ramusoft.automation.appin.businesses.OpencartTest.verifylaptopsandNotebooks(OpencartTest.java:19)
	at java.base/jdk.internal.reflect.NativeMethodAccessorImpl.invoke0(Native Method)
	at java.base/jdk.internal.reflect.NativeMethodAccessorImpl.invoke(NativeMethodAccessorImpl.java:78)
	at java.base/jdk.internal.reflect.DelegatingMethodAccessorImpl.invoke(DelegatingMethodAccessorImpl.java:43)
	at java.base/java.lang.reflect.Method.invoke(Method.java:567)
	at org.testng.internal.MethodInvocationHelper.invokeMethod(MethodInvocationHelper.java:85)
	at org.testng.internal.Invoker.invokeMethod(Invoker.java:639)
	at org.testng.internal.Invoker.invokeTestMethod(Invoker.java:816)
	at org.testng.internal.Invoker.invokeTestMethods(Invoker.java:1124)
	at org.testng.internal.TestMethodWorker.invokeTestMethods(TestMethodWorker.java:125)
	at org.testng.internal.TestMethodWorker.run(TestMethodWorker.java:108)
	at org.testng.TestRunner.privateRun(TestRunner.java:774)
	at org.testng.TestRunner.run(TestRunner.java:624)
	at org.testng.SuiteRunner.runTest(SuiteRunner.java:359)
	at org.testng.SuiteRunner.runSequentially(SuiteRunner.java:354)
	at org.testng.SuiteRunner.privateRun(SuiteRunner.java:312)
	at org.testng.SuiteRunner.run(SuiteRunner.java:261)
	at org.testng.SuiteRunnerWorker.runSuite(SuiteRunnerWorker.java:52)
	at org.testng.SuiteRunnerWorker.run(SuiteRunnerWorker.java:86)
	at org.testng.TestNG.runSuitesSequentially(TestNG.java:1215)
	at org.testng.TestNG.runSuitesLocally(TestNG.java:1140)
	at org.testng.TestNG.run(TestNG.java:1048)
	at org.testng.remote.AbstractRemoteTestNG.run(AbstractRemoteTestNG.java:115)
	at org.testng.remote.RemoteTestNG.initAndRun(RemoteTestNG.java:251)
	at org.testng.remote.RemoteTestNG.main(RemoteTestNG.java:77)
]]>
            </full-stacktrace>
          </exception> <!-- java.lang.NoSuchMethodError -->
          <reporter-output>
          </reporter-output>
        </test-method> <!-- verifylaptopsandNotebooks -->
        <test-method is-config="true" signature="afterTestcaseexcution(org.testng.ITestResult)[pri:0, instance:com.ramusoft.automation.appin.businesses.OpencartTest@59b38691]" started-at="2022-06-10T02:43:17Z" name="afterTestcaseexcution" finished-at="2022-06-10T02:43:18Z" duration-ms="462" status="PASS">
          <params>
            <param index="0">
              <value>
                <![CDATA[[TestResult name=verifylaptopsandNotebooks status=FAILURE method=OpencartTest.verifylaptopsandNotebooks()[pri:0, instance:com.ramusoft.automation.appin.businesses.OpencartTest@59b38691] output={null}]]]>
              </value>
            </param>
          </params>
          <reporter-output>
          </reporter-output>
        </test-method> <!-- afterTestcaseexcution -->
        <test-method is-config="true" signature="closeBrowser()[pri:0, instance:com.ramusoft.automation.appin.businesses.OpencartTest@59b38691]" started-at="2022-06-10T02:43:18Z" name="closeBrowser" finished-at="2022-06-10T02:43:18Z" duration-ms="254" status="PASS">
          <reporter-output>
          </reporter-output>
        </test-method> <!-- closeBrowser -->
      </class> <!-- com.ramusoft.automation.appin.businesses.OpencartTest -->
    </test> <!-- Default test -->
  </suite> <!-- Default suite -->
</testng-results>
